<?xml version="1.0" encoding="UTF-8"?>
<robot generator="Robot 4.1 (Python 3.9.7 on darwin)" generated="20211230 14:09:05.278" rpa="false" schemaversion="2">
<suite id="s1" name="Post" source="/Users/jenifersilva/workspace/jsonplaceholder-robot/specs/post.robot">
<test id="s1-t1" name="Should create a new post">
<kw name="Factory Post" library="post">
<var>${new_post}</var>
<msg timestamp="20211230 14:09:05.356" level="INFO">${new_post} = {'id': 'abc', 'title': 'New post from Tina Brown', 'body': 'New post using Robot Frameword', 'userId': 1}</msg>
<status status="PASS" starttime="20211230 14:09:05.356" endtime="20211230 14:09:05.356"/>
</kw>
<kw name="Create New Post" library="post">
<var>${response}</var>
<arg>${new_post}</arg>
<kw name="POST" library="RequestsLibrary">
<var>${response}</var>
<arg>${BASE_URI}/posts</arg>
<arg>json=${payload}</arg>
<arg>expected_status=any</arg>
<doc>Sends a POST request.</doc>
<msg timestamp="20211230 14:09:06.113" level="INFO">POST Request : url=https://jsonplaceholder.typicode.com/posts 
 path_url=/posts 
 headers={'User-Agent': 'python-requests/2.26.0', 'Accept-Encoding': 'gzip, deflate', 'Accept': '*/*', 'Connection': 'keep-alive', 'Content-Length': '105', 'Content-Type': 'application/json'} 
 body=b'{"id": "abc", "title": "New post from Tina Brown", "body": "New post using Robot Frameword", "userId": 1}' 
 </msg>
<msg timestamp="20211230 14:09:06.114" level="INFO">POST Response : url=https://jsonplaceholder.typicode.com/posts 
 status=201, reason=Created 
 headers={'Date': 'Thu, 30 Dec 2021 17:09:06 GMT', 'Content-Type': 'application/json; charset=utf-8', 'Content-Length': '113', 'Connection': 'keep-alive', 'x-powered-by': 'Express', 'x-ratelimit-limit': '1000', 'x-ratelimit-remaining': '999', 'x-ratelimit-reset': '1640884190', 'vary': 'Origin, X-HTTP-Method-Override, Accept-Encoding', 'access-control-allow-credentials': 'true', 'cache-control': 'no-cache', 'pragma': 'no-cache', 'expires': '-1', 'access-control-expose-headers': 'Location', 'location': 'http://jsonplaceholder.typicode.com/posts/101', 'x-content-type-options': 'nosniff', 'etag': 'W/"71-RFcet4Nf096u/NGCx3AFvTdiLN8"', 'via': '1.1 vegur', 'CF-Cache-Status': 'DYNAMIC', 'Expect-CT': 'max-age=604800, report-uri="https://report-uri.cloudflare.com/cdn-cgi/beacon/expect-ct"', 'Report-To': '{"endpoints":[{"url":"https:\\/\\/a.nel.cloudflare.com\\/report\\/v3?s=s%2Fy33EdQLcW8W0q%2Fqn%2FZuMe7QZYnUVn8ru7yp3kzeIPF9YzB2nSnbfmnD6P6iLmebIbyHzFFSsaUlA%2F5VX%2BWH9W%2BgCUr1dDXlMgLEX4bSBfLZIxD13ysm4oWEuLRgWxViUSgm2q9h4sxtqhIxsEo"}],"group":"cf-nel","max_age":604800}', 'NEL': '{"success_fraction":0,"report_to":"cf-nel","max_age":604800}', 'Server': 'cloudflare', 'CF-RAY': '6c5cdfb70fd7cff8-GRU', 'alt-svc': 'h3=":443"; ma=86400, h3-29=":443"; ma=86400, h3-28=":443"; ma=86400, h3-27=":443"; ma=86400'} 
 body={
  "id": 101,
  "title": "New post from Tina Brown",
  "body": "New post using Robot Frameword",
  "userId": 1
} 
 </msg>
<msg timestamp="20211230 14:09:06.114" level="INFO">${response} = &lt;Response [201]&gt;</msg>
<status status="PASS" starttime="20211230 14:09:05.357" endtime="20211230 14:09:06.114"/>
</kw>
<msg timestamp="20211230 14:09:06.115" level="INFO">${response} = &lt;Response [201]&gt;</msg>
<status status="PASS" starttime="20211230 14:09:05.357" endtime="20211230 14:09:06.115"/>
</kw>
<kw name="Status Should Be" library="RequestsLibrary">
<arg>201</arg>
<arg>${response}</arg>
<doc>Fails if response status code is different than the expected.</doc>
<status status="PASS" starttime="20211230 14:09:06.115" endtime="20211230 14:09:06.116"/>
</kw>
<kw name="Should Be Equal" library="BuiltIn">
<arg>${response.json()}[title]</arg>
<arg>${new_post}[title]</arg>
<doc>Fails if the given objects are unequal.</doc>
<status status="PASS" starttime="20211230 14:09:06.117" endtime="20211230 14:09:06.118"/>
</kw>
<status status="PASS" starttime="20211230 14:09:05.356" endtime="20211230 14:09:06.118"/>
</test>
<test id="s1-t2" name="Should update a post">
<kw name="Create Dictionary" library="BuiltIn">
<var>${title}</var>
<arg>title=New title</arg>
<doc>Creates and returns a dictionary based on the given ``items``.</doc>
<msg timestamp="20211230 14:09:06.120" level="INFO">${title} = {'title': 'New title'}</msg>
<status status="PASS" starttime="20211230 14:09:06.119" endtime="20211230 14:09:06.120"/>
</kw>
<kw name="Update Post" library="post">
<var>${response}</var>
<arg>1</arg>
<arg>${title}</arg>
<kw name="PATCH" library="RequestsLibrary">
<var>${response}</var>
<arg>${BASE_URI}/posts/${item}</arg>
<arg>json=${payload}</arg>
<arg>expected_status=any</arg>
<doc>Sends a PUT request.</doc>
<msg timestamp="20211230 14:09:06.820" level="INFO">PATCH Request : url=https://jsonplaceholder.typicode.com/posts/1 
 path_url=/posts/1 
 headers={'User-Agent': 'python-requests/2.26.0', 'Accept-Encoding': 'gzip, deflate', 'Accept': '*/*', 'Connection': 'keep-alive', 'Content-Length': '22', 'Content-Type': 'application/json'} 
 body=b'{"title": "New title"}' 
 </msg>
<msg timestamp="20211230 14:09:06.820" level="INFO">PATCH Response : url=https://jsonplaceholder.typicode.com/posts/1 
 status=200, reason=OK 
 headers={'Date': 'Thu, 30 Dec 2021 17:09:06 GMT', 'Content-Type': 'application/json; charset=utf-8', 'Transfer-Encoding': 'chunked', 'Connection': 'keep-alive', 'x-powered-by': 'Express', 'x-ratelimit-limit': '1000', 'x-ratelimit-remaining': '998', 'x-ratelimit-reset': '1640884190', 'vary': 'Origin, Accept-Encoding', 'access-control-allow-credentials': 'true', 'cache-control': 'no-cache', 'pragma': 'no-cache', 'expires': '-1', 'x-content-type-options': 'nosniff', 'etag': 'W/"e3-y2PhG8+lpI/jNdAa0Qx5CP5DuKs"', 'via': '1.1 vegur', 'CF-Cache-Status': 'DYNAMIC', 'Expect-CT': 'max-age=604800, report-uri="https://report-uri.cloudflare.com/cdn-cgi/beacon/expect-ct"', 'Report-To': '{"endpoints":[{"url":"https:\\/\\/a.nel.cloudflare.com\\/report\\/v3?s=gY72YnwPKkRDhSSZPCBhSWKW%2Fjnxu3FerSTGGy8qE83gEbl5j8psrJZSFIJBMsVNHhBaR52vuv16NyO%2Fh0QSTVU5cuxeUfScNz4l2o2u%2B9UPNoScrYa8EyiVtx2tN6Y0TY7gzK4Ao13LaNeJ6S1A"}],"group":"cf-nel","max_age":604800}', 'NEL': '{"success_fraction":0,"report_to":"cf-nel","max_age":604800}', 'Server': 'cloudflare', 'CF-RAY': '6c5cdfbbcfe3f6df-GRU', 'Content-Encoding': 'gzip', 'alt-svc': 'h3=":443"; ma=86400, h3-29=":443"; ma=86400, h3-28=":443"; ma=86400, h3-27=":443"; ma=86400'} 
 body={
  "userId": 1,
  "id": 1,
  "title": "New title",
  "body": "quia et suscipit\nsuscipit recusandae consequuntur expedita et cum\nreprehenderit molestiae ut ut quas totam\nnostrum rerum est autem sunt rem eveniet architecto"
} 
 </msg>
<msg timestamp="20211230 14:09:06.821" level="INFO">${response} = &lt;Response [200]&gt;</msg>
<status status="PASS" starttime="20211230 14:09:06.120" endtime="20211230 14:09:06.821"/>
</kw>
<msg timestamp="20211230 14:09:06.821" level="INFO">${response} = &lt;Response [200]&gt;</msg>
<status status="PASS" starttime="20211230 14:09:06.120" endtime="20211230 14:09:06.821"/>
</kw>
<kw name="Status Should Be" library="RequestsLibrary">
<arg>200</arg>
<arg>${response}</arg>
<doc>Fails if response status code is different than the expected.</doc>
<status status="PASS" starttime="20211230 14:09:06.822" endtime="20211230 14:09:06.822"/>
</kw>
<kw name="Dictionary Should Contain Key" library="Collections">
<arg>${response.json()}</arg>
<arg>body</arg>
<doc>Fails if ``key`` is not found from ``dictionary``.</doc>
<status status="PASS" starttime="20211230 14:09:06.822" endtime="20211230 14:09:06.824"/>
</kw>
<status status="PASS" starttime="20211230 14:09:06.119" endtime="20211230 14:09:06.824"/>
</test>
<test id="s1-t3" name="Should delete a post">
<kw name="Delete Post" library="post">
<var>${response}</var>
<arg>1</arg>
<kw name="DELETE" library="RequestsLibrary">
<var>${response}</var>
<arg>${BASE_URI}/posts/${item}</arg>
<arg>expected_status=any</arg>
<doc>Sends a DELETE request.</doc>
<msg timestamp="20211230 14:09:07.639" level="INFO">DELETE Request : url=https://jsonplaceholder.typicode.com/posts/1 
 path_url=/posts/1 
 headers={'User-Agent': 'python-requests/2.26.0', 'Accept-Encoding': 'gzip, deflate', 'Accept': '*/*', 'Connection': 'keep-alive', 'Content-Length': '0'} 
 body=None 
 </msg>
<msg timestamp="20211230 14:09:07.640" level="INFO">DELETE Response : url=https://jsonplaceholder.typicode.com/posts/1 
 status=200, reason=OK 
 headers={'Date': 'Thu, 30 Dec 2021 17:09:07 GMT', 'Content-Type': 'application/json; charset=utf-8', 'Content-Length': '2', 'Connection': 'keep-alive', 'x-powered-by': 'Express', 'x-ratelimit-limit': '1000', 'x-ratelimit-remaining': '997', 'x-ratelimit-reset': '1640884190', 'vary': 'Origin, Accept-Encoding', 'access-control-allow-credentials': 'true', 'cache-control': 'no-cache', 'pragma': 'no-cache', 'expires': '-1', 'x-content-type-options': 'nosniff', 'etag': 'W/"2-vyGp6PvFo4RvsFtPoIWeCReyIC8"', 'via': '1.1 vegur', 'CF-Cache-Status': 'DYNAMIC', 'Expect-CT': 'max-age=604800, report-uri="https://report-uri.cloudflare.com/cdn-cgi/beacon/expect-ct"', 'Report-To': '{"endpoints":[{"url":"https:\\/\\/a.nel.cloudflare.com\\/report\\/v3?s=D1SJ7ULN9zcxVLRKWKXVve1bnnduUf%2FY1R8xHBhLUU8q8g9eL2aXnyRg5uIwhweSYMqx0rp7YIaKS79HqtQPmW19ijbDBdFz7PSWuZh%2BNbdmWI02GrmJHlKa3p6HJFvieYjsaRizS%2FAn%2Bb5MCrRq"}],"group":"cf-nel","max_age":604800}', 'NEL': '{"success_fraction":0,"report_to":"cf-nel","max_age":604800}', 'Server': 'cloudflare', 'CF-RAY': '6c5cdfc07f0ed01c-GRU', 'alt-svc': 'h3=":443"; ma=86400, h3-29=":443"; ma=86400, h3-28=":443"; ma=86400, h3-27=":443"; ma=86400'} 
 body={} 
 </msg>
<msg timestamp="20211230 14:09:07.640" level="INFO">${response} = &lt;Response [200]&gt;</msg>
<status status="PASS" starttime="20211230 14:09:06.826" endtime="20211230 14:09:07.641"/>
</kw>
<msg timestamp="20211230 14:09:07.641" level="INFO">${response} = &lt;Response [200]&gt;</msg>
<status status="PASS" starttime="20211230 14:09:06.825" endtime="20211230 14:09:07.641"/>
</kw>
<kw name="Status Should Be" library="RequestsLibrary">
<arg>200</arg>
<arg>${response}</arg>
<doc>Fails if response status code is different than the expected.</doc>
<status status="PASS" starttime="20211230 14:09:07.642" endtime="20211230 14:09:07.642"/>
</kw>
<status status="PASS" starttime="20211230 14:09:06.824" endtime="20211230 14:09:07.642"/>
</test>
<test id="s1-t4" name="Should search a post">
<kw name="Search Post" library="post">
<var>${response}</var>
<arg>1</arg>
<kw name="GET" library="RequestsLibrary">
<var>${response}</var>
<arg>${BASE_URI}/posts</arg>
<arg>params=userId=${item}</arg>
<arg>expected_status=any</arg>
<doc>Sends a GET request.</doc>
<msg timestamp="20211230 14:09:08.108" level="INFO">GET Request : url=https://jsonplaceholder.typicode.com/posts?userId=1 
 path_url=/posts?userId=1 
 headers={'User-Agent': 'python-requests/2.26.0', 'Accept-Encoding': 'gzip, deflate', 'Accept': '*/*', 'Connection': 'keep-alive'} 
 body=None 
 </msg>
<msg timestamp="20211230 14:09:08.109" level="INFO">GET Response : url=https://jsonplaceholder.typicode.com/posts?userId=1 
 status=200, reason=OK 
 headers={'Date': 'Thu, 30 Dec 2021 17:09:08 GMT', 'Content-Type': 'application/json; charset=utf-8', 'Transfer-Encoding': 'chunked', 'Connection': 'keep-alive', 'x-powered-by': 'Express', 'x-ratelimit-limit': '1000', 'x-ratelimit-remaining': '997', 'x-ratelimit-reset': '1640884130', 'vary': 'Origin, Accept-Encoding', 'access-control-allow-credentials': 'true', 'cache-control': 'max-age=43200', 'pragma': 'no-cache', 'expires': '-1', 'x-content-type-options': 'nosniff', 'etag': 'W/"aa6-j2NSH739l9uq40OywFMn7Y0C/iY"', 'content-encoding': 'gzip', 'via': '1.1 vegur', 'CF-Cache-Status': 'HIT', 'Age': '71', 'Expect-CT': 'max-age=604800, report-uri="https://report-uri.cloudflare.com/cdn-cgi/beacon/expect-ct"', 'Report-To': '{"endpoints":[{"url":"https:\\/\\/a.nel.cloudflare.com\\/report\\/v3?s=wKSUo6AwdBaXpG33ItSdo6om8fTPRQA6AZzeD29qJ0irYs1nOfTpoOKnMIYFtfysoDLAlddOPTbCKd%2FJtVRvwukedh2H9o86XX%2BF7XKiuth8i5oUBO9uJOLdM%2FQS5WG3MbWwmYPxjCgO%2FkFoKPcr"}],"group":"cf-nel","max_age":604800}', 'NEL': '{"success_fraction":0,"report_to":"cf-nel","max_age":604800}', 'Server': 'cloudflare', 'CF-RAY': '6c5cdfc578576b26-GRU', 'alt-svc': 'h3=":443"; ma=86400, h3-29=":443"; ma=86400, h3-28=":443"; ma=86400, h3-27=":443"; ma=86400'} 
 body=[
  {
    "userId": 1,
    "id": 1,
    "title": "sunt aut facere repellat provident occaecati excepturi optio reprehenderit",
    "body": "quia et suscipit\nsuscipit recusandae consequuntur expedita et cum\nreprehenderit molestiae ut ut quas totam\nnostrum rerum est autem sunt rem eveniet architecto"
  },
  {
    "userId": 1,
    "id": 2,
    "title": "qui est esse",
    "body": "est rerum tempore vitae\nsequi sint nihil reprehenderit dolor beatae ea dolores neque\nfugiat blanditiis voluptate porro vel nihil molestiae ut reiciendis\nqui aperiam non debitis possimus qui neque nisi nulla"
  },
  {
    "userId": 1,
    "id": 3,
    "title": "ea molestias quasi exercitationem repellat qui ipsa sit aut",
    "body": "et iusto sed quo iure\nvoluptatem occaecati omnis eligendi aut ad\nvoluptatem doloribus vel accusantium quis pariatur\nmolestiae porro eius odio et labore et velit aut"
  },
  {
    "userId": 1,
    "id": 4,
    "title": "eum et est occaecati",
    "body": "ullam et saepe reiciendis voluptatem adipisci\nsit amet autem assumenda provident rerum culpa\nquis hic commodi nesciunt rem tenetur doloremque ipsam iure\nquis sunt voluptatem rerum illo velit"
  },
  {
    "userId": 1,
    "id": 5,
    "title": "nesciunt quas odio",
    "body": "repudiandae veniam quaerat sunt sed\nalias aut fugiat sit autem sed est\nvoluptatem omnis possimus esse voluptatibus quis\nest aut tenetur dolor neque"
  },
  {
    "userId": 1,
    "id": 6,
    "title": "dolorem eum magni eos aperiam quia",
    "body": "ut aspernatur corporis harum nihil quis provident sequi\nmollitia nobis aliquid molestiae\nperspiciatis et ea nemo ab reprehenderit accusantium quas\nvoluptate dolores velit et doloremque molestiae"
  },
  {
    "userId": 1,
    "id": 7,
    "title": "magnam facilis autem",
    "body": "dolore placeat quibusdam ea quo vitae\nmagni quis enim qui quis quo nemo aut saepe\nquidem repellat excepturi ut quia\nsunt ut sequi eos ea sed quas"
  },
  {
    "userId": 1,
    "id": 8,
    "title": "dolorem dolore est ipsam",
    "body": "dignissimos aperiam dolorem qui eum\nfacilis quibusdam animi sint suscipit qui sint possimus cum\nquaerat magni maiores excepturi\nipsam ut commodi dolor voluptatum modi aut vitae"
  },
  {
    "userId": 1,
    "id": 9,
    "title": "nesciunt iure omnis dolorem tempora et accusantium",
    "body": "consectetur animi nesciunt iure dolore\nenim quia ad\nveniam autem ut quam aut nobis\net est aut quod aut provident voluptas autem voluptas"
  },
  {
    "userId": 1,
    "id": 10,
    "title": "optio molestias id quia eum",
    "body": "quo et expedita modi cum officia vel magni\ndoloribus qui repudiandae\nvero nisi sit\nquos veniam quod sed accusamus veritatis error"
  }
] 
 </msg>
<msg timestamp="20211230 14:09:08.109" level="INFO">${response} = &lt;Response [200]&gt;</msg>
<status status="PASS" starttime="20211230 14:09:07.645" endtime="20211230 14:09:08.109"/>
</kw>
<msg timestamp="20211230 14:09:08.110" level="INFO">${response} = &lt;Response [200]&gt;</msg>
<status status="PASS" starttime="20211230 14:09:07.644" endtime="20211230 14:09:08.110"/>
</kw>
<kw name="Status Should Be" library="RequestsLibrary">
<arg>200</arg>
<arg>${response}</arg>
<doc>Fails if response status code is different than the expected.</doc>
<status status="PASS" starttime="20211230 14:09:08.110" endtime="20211230 14:09:08.111"/>
</kw>
<status status="PASS" starttime="20211230 14:09:07.643" endtime="20211230 14:09:08.111"/>
</test>
<test id="s1-t5" name="Should search all posts">
<kw name="Search All Posts" library="post">
<kw name="GET" library="RequestsLibrary">
<arg>${BASE_URI}/posts</arg>
<doc>Sends a GET request.</doc>
<msg timestamp="20211230 14:09:08.510" level="INFO">GET Request : url=https://jsonplaceholder.typicode.com/posts 
 path_url=/posts 
 headers={'User-Agent': 'python-requests/2.26.0', 'Accept-Encoding': 'gzip, deflate', 'Accept': '*/*', 'Connection': 'keep-alive'} 
 body=None 
 </msg>
<msg timestamp="20211230 14:09:08.511" level="INFO">GET Response : url=https://jsonplaceholder.typicode.com/posts 
 status=200, reason=OK 
 headers={'Date': 'Thu, 30 Dec 2021 17:09:08 GMT', 'Content-Type': 'application/json; charset=utf-8', 'Transfer-Encoding': 'chunked', 'Connection': 'keep-alive', 'x-powered-by': 'Express', 'x-ratelimit-limit': '1000', 'x-ratelimit-remaining': '999', 'x-ratelimit-reset': '1640748295', 'vary': 'Origin, Accept-Encoding', 'access-control-allow-credentials': 'true', 'cache-control': 'max-age=43200', 'pragma': 'no-cache', 'expires': '-1', 'x-content-type-options': 'nosniff', 'etag': 'W/"6b80-Ybsq/K6GwwqrYkAsFxqDXGC7DoM"', 'content-encoding': 'gzip', 'via': '1.1 vegur', 'CF-Cache-Status': 'HIT', 'Age': '20643', 'Expect-CT': 'max-age=604800, report-uri="https://report-uri.cloudflare.com/cdn-cgi/beacon/expect-ct"', 'Report-To': '{"endpoints":[{"url":"https:\\/\\/a.nel.cloudflare.com\\/report\\/v3?s=uuDxTLgilEZ7j3%2FT9aP%2FDQyOj3gSj9tUFr7f8J%2F6jsXa%2ByGt1eGYnCgpDZzoPp5EeNvdkxWBaYKdoijnLCf1ytcuTd4zZfedWyoIdhm9msqyH%2FFJvtqJnXTqXKZEGTVUoxeBk3XNWCOSDytrGH04"}],"group":"cf-nel","max_age":604800}', 'NEL': '{"success_fraction":0,"report_to":"cf-nel","max_age":604800}', 'Server': 'cloudflare', 'CF-RAY': '6c5cdfc80f4e6ac9-GRU', 'alt-svc': 'h3=":443"; ma=86400, h3-29=":443"; ma=86400, h3-28=":443"; ma=86400, h3-27=":443"; ma=86400'} 
 body=[
  {
    "userId": 1,
    "id": 1,
    "title": "sunt aut facere repellat provident occaecati excepturi optio reprehenderit",
    "body": "quia et suscipit\nsuscipit recusandae consequuntur expedita et cum\nreprehenderit molestiae ut ut quas totam\nnostrum rerum est autem sunt rem eveniet architecto"
  },
  {
    "userId": 1,
    "id": 2,
    "title": "qui est esse",
    "body": "est rerum tempore vitae\nsequi sint nihil reprehenderit dolor beatae ea dolores neque\nfugiat blanditiis voluptate porro vel nihil molestiae ut reiciendis\nqui aperiam non debitis possimus qui neque nisi nulla"
  },
  {
    "userId": 1,
    "id": 3,
    "title": "ea molestias quasi exercitationem repellat qui ipsa sit aut",
    "body": "et iusto sed quo iure\nvoluptatem occaecati omnis eligendi aut ad\nvoluptatem doloribus vel accusantium quis pariatur\nmolestiae porro eius odio et labore et velit aut"
  },
  {
    "userId": 1,
    "id": 4,
    "title": "eum et est occaecati",
    "body": "ullam et saepe reiciendis voluptatem adipisci\nsit amet autem assumenda provident rerum culpa\nquis hic commodi nesciunt rem tenetur doloremque ipsam iure\nquis sunt voluptatem rerum illo velit"
  },
  {
    "userId": 1,
    "id": 5,
    "title": "nesciunt quas odio",
    "body": "repudiandae veniam quaerat sunt sed\nalias aut fugiat sit autem sed est\nvoluptatem omnis possimus esse voluptatibus quis\nest aut tenetur dolor neque"
  },
  {
    "userId": 1,
    "id": 6,
    "title": "dolorem eum magni eos aperiam quia",
    "body": "ut aspernatur corporis harum nihil quis provident sequi\nmollitia nobis aliquid molestiae\nperspiciatis et ea nemo ab reprehenderit accusantium quas\nvoluptate dolores velit et doloremque molestiae"
  },
  {
    "userId": 1,
    "id": 7,
    "title": "magnam facilis autem",
    "body": "dolore placeat quibusdam ea quo vitae\nmagni quis enim qui quis quo nemo aut saepe\nquidem repellat excepturi ut quia\nsunt ut sequi eos ea sed quas"
  },
  {
    "userId": 1,
    "id": 8,
    "title": "dolorem dolore est ipsam",
    "body": "dignissimos aperiam dolorem qui eum\nfacilis quibusdam animi sint suscipit qui sint possimus cum\nquaerat magni maiores excepturi\nipsam ut commodi dolor voluptatum modi aut vitae"
  },
  {
    "userId": 1,
    "id": 9,
    "title": "nesciunt iure omnis dolorem tempora et accusantium",
    "body": "consectetur animi nesciunt iure dolore\nenim quia ad\nveniam autem ut quam aut nobis\net est aut quod aut provident voluptas autem voluptas"
  },
  {
    "userId": 1,
    "id": 10,
    "title": "optio molestias id quia eum",
    "body": "quo et expedita modi cum officia vel magni\ndoloribus qui repudiandae\nvero nisi sit\nquos veniam quod sed accusamus veritatis error"
  },
  {
    "userId": 2,
    "id": 11,
    "title": "et ea vero quia laudantium autem",
    "body": "delectus reiciendis molestiae occaecati non minima eveniet qui voluptatibus\naccusamus in eum beatae sit\nvel qui neque voluptates ut commodi qui incidunt\nut animi commodi"
  },
  {
    "userId": 2,
    "id": 12,
    "title": "in quibusdam tempore odit est dolorem",
    "body": "itaque id aut magnam\npraesentium quia et ea odit et ea voluptas et\nsapiente quia nihil amet occaecati quia id voluptatem\nincidunt ea est distinctio odio"
  },
  {
    "userId": 2,
    "id": 13,
    "title": "dolorum ut in voluptas mollitia et saepe quo animi",
    "body": "aut dicta possimus sint mollitia voluptas commodi quo doloremque\niste corrupti reiciendis voluptatem eius rerum\nsit cumque quod eligendi laborum minima\nperferendis recusandae assumenda consectetur porro architecto ipsum ipsam"
  },
  {
    "userId": 2,
    "id": 14,
    "title": "voluptatem eligendi optio",
    "body": "fuga et accusamus dolorum perferendis illo voluptas\nnon doloremque neque facere\nad qui dolorum molestiae beatae\nsed aut voluptas totam sit illum"
  },
  {
    "userId": 2,
    "id": 15,
    "title": "eveniet quod temporibus",
    "body": "reprehenderit quos placeat\nvelit minima officia dolores impedit repudiandae molestiae nam\nvoluptas recusandae quis delectus\nofficiis harum fugiat vitae"
  },
  {
    "userId": 2,
    "id": 16,
    "title": "sint suscipit perspiciatis velit dolorum rerum ipsa laboriosam odio",
    "body": "suscipit nam nisi quo aperiam aut\nasperiores eos fugit maiores voluptatibus quia\nvoluptatem quis ullam qui in alias quia est\nconsequatur magni mollitia accusamus ea nisi voluptate dicta"
  },
  {
    "userId": 2,
    "id": 17,
    "title": "fugit voluptas sed molestias voluptatem provident",
    "body": "eos voluptas et aut odit natus earum\naspernatur fuga molestiae ullam\ndeserunt ratione qui eos\nqui nihil ratione nemo velit ut aut id quo"
  },
  {
    "userId": 2,
    "id": 18,
    "title": "voluptate et itaque vero tempora molestiae",
    "body": "eveniet quo quis\nlaborum totam consequatur non dolor\nut et est repudiandae\nest voluptatem vel debitis et magnam"
  },
  {
    "userId": 2,
    "id": 19,
    "title": "adipisci placeat illum aut reiciendis qui",
    "body": "illum quis cupiditate provident sit magnam\nea sed aut omnis\nveniam maiores ullam consequatur atque\nadipisci quo iste expedita sit quos voluptas"
  },
  {
    "userId": 2,
    "id": 20,
    "title": "doloribus ad provident suscipit at",
    "body": "qui consequuntur ducimus possimus quisquam amet similique\nsuscipit porro ipsam amet\neos veritatis officiis exercitationem vel fugit aut necessitatibus totam\nomnis rerum consequatur expedita quidem cumque explicabo"
  },
  {
    "userId": 3,
    "id": 21,
    "title": "asperiores ea ipsam voluptatibus modi minima quia sint",
    "body": "repellat aliquid praesentium dolorem quo\nsed totam minus non itaque\nnihil labore molestiae sunt dolor eveniet hic recusandae veniam\ntempora et tenetur expedita sunt"
  },
  {
    "userId": 3,
    "id": 22,
    "title": "dolor sint quo a velit explicabo quia nam",
    "body": "eos qui et ipsum ipsam suscipit aut\nsed omnis non odio\nexpedita earum mollitia molestiae aut atque rem suscipit\nnam impedit esse"
  },
  {
    "userId": 3,
    "id": 23,
    "title": "maxime id vitae nihil numquam",
    "body": "veritatis unde neque eligendi\nquae quod architecto quo neque vitae\nest illo sit tempora doloremque fugit quod\net et vel beatae sequi ullam sed tenetur perspiciatis"
  },
  {
    "userId": 3,
    "id": 24,
    "title": "autem hic labore sunt dolores incidunt",
    "body": "enim et ex nulla\nomnis voluptas quia qui\nvoluptatem consequatur numquam aliquam sunt\ntotam recusandae id dignissimos aut sed asperiores deserunt"
  },
  {
    "userId": 3,
    "id": 25,
    "title": "rem alias distinctio quo quis",
    "body": "ullam consequatur ut\nomnis quis sit vel consequuntur\nipsa eligendi ipsum molestiae et omnis error nostrum\nmolestiae illo tempore quia et distinctio"
  },
  {
    "userId": 3,
    "id": 26,
    "title": "est et quae odit qui non",
    "body": "similique esse doloribus nihil accusamus\nomnis dolorem fuga consequuntur reprehenderit fugit recusandae temporibus\nperspiciatis cum ut laudantium\nomnis aut molestiae vel vero"
  },
  {
    "userId": 3,
    "id": 27,
    "title": "quasi id et eos tenetur aut quo autem",
    "body": "eum sed dolores ipsam sint possimus debitis occaecati\ndebitis qui qui et\nut placeat enim earum aut odit facilis\nconsequatur suscipit necessitatibus rerum sed inventore temporibus consequatur"
  },
  {
    "userId": 3,
    "id": 28,
    "title": "delectus ullam et corporis nulla voluptas sequi",
    "body": "non et quaerat ex quae ad maiores\nmaiores recusandae totam aut blanditiis mollitia quas illo\nut voluptatibus voluptatem\nsimilique nostrum eum"
  },
  {
    "userId": 3,
    "id": 29,
    "title": "iusto eius quod necessitatibus culpa ea",
    "body": "odit magnam ut saepe sed non qui\ntempora atque nihil\naccusamus illum doloribus illo dolor\neligendi repudiandae odit magni similique sed cum maiores"
  },
  {
    "userId": 3,
    "id": 30,
    "title": "a quo magni similique perferendis",
    "body": "alias dolor cumque\nimpedit blanditiis non eveniet odio maxime\nblanditiis amet eius quis tempora quia autem rem\na provident perspiciatis quia"
  },
  {
    "userId": 4,
    "id": 31,
    "title": "ullam ut quidem id aut vel consequuntur",
    "body": "debitis eius sed quibusdam non quis consectetur vitae\nimpedit ut qui consequatur sed aut in\nquidem sit nostrum et maiores adipisci atque\nquaerat voluptatem adipisci repudiandae"
  },
  {
    "userId": 4,
    "id": 32,
    "title": "doloremque illum aliquid sunt",
    "body": "deserunt eos nobis asperiores et hic\nest debitis repellat molestiae optio\nnihil ratione ut eos beatae quibusdam distinctio maiores\nearum voluptates et aut adipisci ea maiores voluptas maxime"
  },
  {
    "userId": 4,
    "id": 33,
    "title": "qui explicabo molestiae dolorem",
    "body": "rerum ut et numquam laborum odit est sit\nid qui sint in\nquasi tenetur tempore aperiam et quaerat qui in\nrerum officiis sequi cumque quod"
  },
  {
    "userId": 4,
    "id": 34,
    "title": "magnam ut rerum iure",
    "body": "ea velit perferendis earum ut voluptatem voluptate itaque iusto\ntotam pariatur in\nnemo voluptatem voluptatem autem magni tempora minima in\nest distinctio qui assumenda accusamus dignissimos officia nesciunt nobis"
  },
  {
    "userId": 4,
    "id": 35,
    "title": "id nihil consequatur molestias animi provident",
    "body": "nisi error delectus possimus ut eligendi vitae\nplaceat eos harum cupiditate facilis reprehenderit voluptatem beatae\nmodi ducimus quo illum voluptas eligendi\net nobis quia fugit"
  },
  {
    "userId": 4,
    "id": 36,
    "title": "fuga nam accusamus voluptas reiciendis itaque",
    "body": "ad mollitia et omnis minus architecto odit\nvoluptas doloremque maxime aut non ipsa qui alias veniam\nblanditiis culpa aut quia nihil cumque facere et occaecati\nqui aspernatur quia eaque ut aperiam inventore"
  },
  {
    "userId": 4,
    "id": 37,
    "title": "provident vel ut sit ratione est... (set the log level to DEBUG or TRACE to see the full content) 
 </msg>
<status status="PASS" starttime="20211230 14:09:08.112" endtime="20211230 14:09:08.511"/>
</kw>
<status status="PASS" starttime="20211230 14:09:08.112" endtime="20211230 14:09:08.512"/>
</kw>
<kw name="Request Should Be Successful" library="RequestsLibrary">
<doc>Fails if response status code is a client or server error (4xx, 5xx).</doc>
<status status="PASS" starttime="20211230 14:09:08.512" endtime="20211230 14:09:08.512"/>
</kw>
<status status="PASS" starttime="20211230 14:09:08.111" endtime="20211230 14:09:08.513"/>
</test>
<doc>Test suite for the JSONPlaceholder API</doc>
<status status="PASS" starttime="20211230 14:09:05.279" endtime="20211230 14:09:08.514"/>
</suite>
<statistics>
<total>
<stat pass="5" fail="0" skip="0">All Tests</stat>
</total>
<tag>
</tag>
<suite>
<stat pass="5" fail="0" skip="0" id="s1" name="Post">Post</stat>
</suite>
</statistics>
<errors>
</errors>
</robot>
